<?xml version="1.0" encoding="UTF-8"?>
<!-- Generated by org.testng.reporters.JUnitReportReporter -->
<testsuite hostname="DESKTOP-81MK3MI" failures="0" tests="3" name="Payments.alltypepayments" time="158.814" errors="0" timestamp="2024-10-28T17:32:36 IST" skipped="0">
  <testcase classname="Payments.alltypepayments" name="loginPage" time="36.263"/>
  <system-out/>
  <testcase classname="Payments.alltypepayments" name="chequePayment" time="66.856"/>
  <system-out/>
  <testcase classname="Payments.alltypepayments" name="cheque_fail" time="55.695"/>
  <system-out/>
</testsuite> <!-- Payments.alltypepayments -->
