<?xml version="1.0" encoding="UTF-8"?>
<!-- Generated by org.testng.reporters.JUnitReportReporter -->
<testsuite hostname="DESKTOP-81MK3MI" failures="0" tests="11" name="New_property_Wadhghat.CMS_Test" time="649.464" errors="0" timestamp="2024-10-29T12:38:09 IST" skipped="0">
  <testcase classname="New_property_Wadhghat.CMS_Test" name="loginPage" time="33.580"/>
  <system-out/>
  <testcase classname="New_property_Wadhghat.CMS_Test" name="cmsPageWadhghat" time="21.145"/>
  <system-out/>
  <testcase classname="New_property_Wadhghat.CMS_Test" name="cmsRegisterPageWadhghat" time="28.989"/>
  <system-out/>
  <testcase classname="New_property_Wadhghat.CMS_Test" name="cmsComplaintRegisterWadhghat" time="25.387"/>
  <system-out/>
  <testcase classname="New_property_Wadhghat.CMS_Test" name="searchComplaintWadhghat" time="43.319"/>
  <system-out/>
  <testcase classname="New_property_Wadhghat.CMS_Test" name="Dataentry_owner_info" time="45.154"/>
  <system-out/>
  <testcase classname="New_property_Wadhghat.CMS_Test" name="Dataentry_floor_info" time="66.235"/>
  <system-out/>
  <testcase classname="New_property_Wadhghat.CMS_Test" name="OldTaxex_info" time="94.709"/>
  <system-out/>
  <testcase classname="New_property_Wadhghat.CMS_Test" name="AddTaxes_and_UploadFiles" time="157.380"/>
  <system-out/>
  <testcase classname="New_property_Wadhghat.CMS_Test" name="WadhghatApproval" time="36.845"/>
  <system-out/>
  <testcase classname="New_property_Wadhghat.CMS_Test" name="councilapproval" time="96.721"/>
  <system-out/>
</testsuite> <!-- New_property_Wadhghat.CMS_Test -->
